{"C:\\Users\\Neeshu\\Documents\\Courses\\React\\src\\components\\Body.js": {"path":"C:\\Users\\Neeshu\\Documents\\Courses\\React\\src\\components\\Body.js","statementMap":{"0":{"start":{"line":29,"column":13},"end":{"line":144,"column":1}},"1":{"start":{"line":33,"column":51},"end":{"line":33,"column":63}},"2":{"start":{"line":34,"column":54},"end":{"line":34,"column":66}},"3":{"start":{"line":36,"column":38},"end":{"line":36,"column":50}},"4":{"start":{"line":38,"column":40},"end":{"line":38,"column":63}},"5":{"start":{"line":42,"column":2},"end":{"line":44,"column":9}},"6":{"start":{"line":43,"column":4},"end":{"line":43,"column":16}},"7":{"start":{"line":46,"column":20},"end":{"line":62,"column":3}},"8":{"start":{"line":47,"column":17},"end":{"line":49,"column":5}},"9":{"start":{"line":51,"column":17},"end":{"line":51,"column":34}},"10":{"start":{"line":56,"column":4},"end":{"line":58,"column":6}},"11":{"start":{"line":59,"column":4},"end":{"line":61,"column":6}},"12":{"start":{"line":64,"column":23},"end":{"line":64,"column":40}},"13":{"start":{"line":66,"column":2},"end":{"line":71,"column":6}},"14":{"start":{"line":67,"column":4},"end":{"line":71,"column":6}},"15":{"start":{"line":77,"column":2},"end":{"line":79,"column":3}},"16":{"start":{"line":78,"column":4},"end":{"line":78,"column":23}},"17":{"start":{"line":81,"column":2},"end":{"line":143,"column":4}},"18":{"start":{"line":91,"column":14},"end":{"line":91,"column":44}},"19":{"start":{"line":99,"column":39},"end":{"line":103,"column":16}},"20":{"start":{"line":100,"column":16},"end":{"line":102,"column":54}},"21":{"start":{"line":104,"column":14},"end":{"line":104,"column":54}},"22":{"start":{"line":114,"column":35},"end":{"line":116,"column":15}},"23":{"start":{"line":115,"column":25},"end":{"line":115,"column":57}},"24":{"start":{"line":117,"column":14},"end":{"line":117,"column":48}},"25":{"start":{"line":118,"column":14},"end":{"line":118,"column":40}},"26":{"start":{"line":128,"column":29},"end":{"line":128,"column":56}},"27":{"start":{"line":135,"column":10},"end":{"line":139,"column":17}}},"fnMap":{"0":{"name":"(anonymous_0)","decl":{"start":{"line":29,"column":13},"end":{"line":29,"column":14}},"loc":{"start":{"line":29,"column":19},"end":{"line":144,"column":1}},"line":29},"1":{"name":"(anonymous_1)","decl":{"start":{"line":42,"column":12},"end":{"line":42,"column":13}},"loc":{"start":{"line":42,"column":18},"end":{"line":44,"column":3}},"line":42},"2":{"name":"(anonymous_2)","decl":{"start":{"line":46,"column":20},"end":{"line":46,"column":21}},"loc":{"start":{"line":46,"column":32},"end":{"line":62,"column":3}},"line":46},"3":{"name":"(anonymous_3)","decl":{"start":{"line":90,"column":22},"end":{"line":90,"column":23}},"loc":{"start":{"line":90,"column":29},"end":{"line":92,"column":13}},"line":90},"4":{"name":"(anonymous_4)","decl":{"start":{"line":96,"column":21},"end":{"line":96,"column":22}},"loc":{"start":{"line":96,"column":27},"end":{"line":105,"column":13}},"line":96},"5":{"name":"(anonymous_5)","decl":{"start":{"line":99,"column":64},"end":{"line":99,"column":65}},"loc":{"start":{"line":99,"column":73},"end":{"line":103,"column":15}},"line":99},"6":{"name":"(anonymous_6)","decl":{"start":{"line":113,"column":21},"end":{"line":113,"column":22}},"loc":{"start":{"line":113,"column":27},"end":{"line":119,"column":13}},"line":113},"7":{"name":"(anonymous_7)","decl":{"start":{"line":115,"column":16},"end":{"line":115,"column":17}},"loc":{"start":{"line":115,"column":25},"end":{"line":115,"column":57}},"line":115},"8":{"name":"(anonymous_8)","decl":{"start":{"line":128,"column":22},"end":{"line":128,"column":23}},"loc":{"start":{"line":128,"column":29},"end":{"line":128,"column":56}},"line":128},"9":{"name":"(anonymous_9)","decl":{"start":{"line":134,"column":32},"end":{"line":134,"column":33}},"loc":{"start":{"line":135,"column":10},"end":{"line":139,"column":17}},"line":135}},"branchMap":{"0":{"loc":{"start":{"line":66,"column":2},"end":{"line":71,"column":6}},"type":"if","locations":[{"start":{"line":66,"column":2},"end":{"line":71,"column":6}},{"start":{},"end":{}}],"line":66},"1":{"loc":{"start":{"line":77,"column":2},"end":{"line":79,"column":3}},"type":"if","locations":[{"start":{"line":77,"column":2},"end":{"line":79,"column":3}},{"start":{},"end":{}}],"line":77}},"s":{"0":1,"1":4,"2":4,"3":4,"4":4,"5":4,"6":1,"7":4,"8":1,"9":1,"10":1,"11":1,"12":4,"13":4,"14":0,"15":4,"16":1,"17":3,"18":1,"19":1,"20":102,"21":1,"22":0,"23":0,"24":0,"25":0,"26":0,"27":210},"f":{"0":4,"1":1,"2":1,"3":1,"4":1,"5":102,"6":0,"7":0,"8":0,"9":210},"b":{"0":[0,4],"1":[1,3]},"_coverageSchema":"1a1c01bbd47fc00a2c39e90264f33305004495a9","hash":"3eda5e6eae978acacce750eaf84807bf8ecfc752"}
,"C:\\Users\\Neeshu\\Documents\\Courses\\React\\src\\components\\Contact.js": {"path":"C:\\Users\\Neeshu\\Documents\\Courses\\React\\src\\components\\Contact.js","statementMap":{"0":{"start":{"line":1,"column":16},"end":{"line":22,"column":1}},"1":{"start":{"line":2,"column":2},"end":{"line":21,"column":4}}},"fnMap":{"0":{"name":"(anonymous_0)","decl":{"start":{"line":1,"column":16},"end":{"line":1,"column":17}},"loc":{"start":{"line":1,"column":22},"end":{"line":22,"column":1}},"line":1}},"branchMap":{},"s":{"0":1,"1":2},"f":{"0":2},"b":{},"_coverageSchema":"1a1c01bbd47fc00a2c39e90264f33305004495a9","hash":"4e922c52c0d3f0a5630f69289e69e0d4ec2d44b1"}
,"C:\\Users\\Neeshu\\Documents\\Courses\\React\\src\\components\\Header.js": {"path":"C:\\Users\\Neeshu\\Documents\\Courses\\React\\src\\components\\Header.js","statementMap":{"0":{"start":{"line":10,"column":15},"end":{"line":59,"column":1}},"1":{"start":{"line":11,"column":34},"end":{"line":11,"column":51}},"2":{"start":{"line":13,"column":23},"end":{"line":13,"column":40}},"3":{"start":{"line":15,"column":27},"end":{"line":15,"column":50}},"4":{"start":{"line":18,"column":20},"end":{"line":18,"column":60}},"5":{"start":{"line":18,"column":43},"end":{"line":18,"column":59}},"6":{"start":{"line":20,"column":2},"end":{"line":58,"column":4}},"7":{"start":{"line":48,"column":14},"end":{"line":50,"column":39}}},"fnMap":{"0":{"name":"(anonymous_0)","decl":{"start":{"line":10,"column":15},"end":{"line":10,"column":16}},"loc":{"start":{"line":10,"column":21},"end":{"line":59,"column":1}},"line":10},"1":{"name":"(anonymous_1)","decl":{"start":{"line":18,"column":32},"end":{"line":18,"column":33}},"loc":{"start":{"line":18,"column":43},"end":{"line":18,"column":59}},"line":18},"2":{"name":"(anonymous_2)","decl":{"start":{"line":47,"column":21},"end":{"line":47,"column":22}},"loc":{"start":{"line":47,"column":27},"end":{"line":51,"column":13}},"line":47}},"branchMap":{"0":{"loc":{"start":{"line":28,"column":29},"end":{"line":28,"column":55}},"type":"cond-expr","locations":[{"start":{"line":28,"column":44},"end":{"line":28,"column":48}},{"start":{"line":28,"column":51},"end":{"line":28,"column":55}}],"line":28},"1":{"loc":{"start":{"line":48,"column":14},"end":{"line":50,"column":38}},"type":"cond-expr","locations":[{"start":{"line":49,"column":18},"end":{"line":49,"column":39}},{"start":{"line":50,"column":18},"end":{"line":50,"column":38}}],"line":48}},"s":{"0":2,"1":5,"2":5,"3":5,"4":5,"5":9,"6":5,"7":1},"f":{"0":5,"1":9,"2":1},"b":{"0":[5,0],"1":[1,0]},"_coverageSchema":"1a1c01bbd47fc00a2c39e90264f33305004495a9","hash":"e26496bccd7dd068e8e742e72bac4d2f0011657a"}
,"C:\\Users\\Neeshu\\Documents\\Courses\\React\\src\\components\\ItemList.js": {"path":"C:\\Users\\Neeshu\\Documents\\Courses\\React\\src\\components\\ItemList.js","statementMap":{"0":{"start":{"line":5,"column":17},"end":{"line":68,"column":1}},"1":{"start":{"line":6,"column":19},"end":{"line":6,"column":32}},"2":{"start":{"line":8,"column":24},"end":{"line":11,"column":3}},"3":{"start":{"line":10,"column":4},"end":{"line":10,"column":28}},"4":{"start":{"line":13,"column":2},"end":{"line":67,"column":4}},"5":{"start":{"line":16,"column":8},"end":{"line":64,"column":14}},"6":{"start":{"line":51,"column":35},"end":{"line":51,"column":54}},"7":{"start":{"line":58,"column":33},"end":{"line":58,"column":52}}},"fnMap":{"0":{"name":"(anonymous_0)","decl":{"start":{"line":5,"column":17},"end":{"line":5,"column":18}},"loc":{"start":{"line":5,"column":32},"end":{"line":68,"column":1}},"line":5},"1":{"name":"(anonymous_1)","decl":{"start":{"line":8,"column":24},"end":{"line":8,"column":25}},"loc":{"start":{"line":8,"column":34},"end":{"line":11,"column":3}},"line":8},"2":{"name":"(anonymous_2)","decl":{"start":{"line":15,"column":17},"end":{"line":15,"column":18}},"loc":{"start":{"line":16,"column":8},"end":{"line":64,"column":14}},"line":16},"3":{"name":"(anonymous_3)","decl":{"start":{"line":51,"column":29},"end":{"line":51,"column":30}},"loc":{"start":{"line":51,"column":35},"end":{"line":51,"column":54}},"line":51},"4":{"name":"(anonymous_4)","decl":{"start":{"line":58,"column":27},"end":{"line":58,"column":28}},"loc":{"start":{"line":58,"column":33},"end":{"line":58,"column":52}},"line":58}},"branchMap":{"0":{"loc":{"start":{"line":42,"column":15},"end":{"line":61,"column":15}},"type":"cond-expr","locations":[{"start":{"line":43,"column":16},"end":{"line":54,"column":19}},{"start":{"line":56,"column":16},"end":{"line":60,"column":25}}],"line":42}},"s":{"0":1,"1":1,"2":1,"3":1,"4":1,"5":8,"6":0,"7":1},"f":{"0":1,"1":1,"2":8,"3":0,"4":1},"b":{"0":[0,8]},"_coverageSchema":"1a1c01bbd47fc00a2c39e90264f33305004495a9","hash":"bfa94d88368ef88b7702e81d5c8a5071c320f754"}
,"C:\\Users\\Neeshu\\Documents\\Courses\\React\\src\\components\\RestaurantCard.js": {"path":"C:\\Users\\Neeshu\\Documents\\Courses\\React\\src\\components\\RestaurantCard.js","statementMap":{"0":{"start":{"line":7,"column":23},"end":{"line":38,"column":1}},"1":{"start":{"line":8,"column":22},"end":{"line":8,"column":27}},"2":{"start":{"line":12,"column":27},"end":{"line":12,"column":50}},"3":{"start":{"line":14,"column":2},"end":{"line":37,"column":4}}},"fnMap":{"0":{"name":"(anonymous_0)","decl":{"start":{"line":7,"column":23},"end":{"line":7,"column":24}},"loc":{"start":{"line":7,"column":34},"end":{"line":38,"column":1}},"line":7}},"branchMap":{},"s":{"0":2,"1":211,"2":211,"3":211},"f":{"0":211},"b":{},"_coverageSchema":"1a1c01bbd47fc00a2c39e90264f33305004495a9","hash":"a0cc2a4ae2880b98a932c592225b0821ecb57913"}
,"C:\\Users\\Neeshu\\Documents\\Courses\\React\\src\\components\\RestaurantCategory.js": {"path":"C:\\Users\\Neeshu\\Documents\\Courses\\React\\src\\components\\RestaurantCategory.js","statementMap":{"0":{"start":{"line":6,"column":27},"end":{"line":28,"column":1}},"1":{"start":{"line":8,"column":22},"end":{"line":11,"column":3}},"2":{"start":{"line":10,"column":4},"end":{"line":10,"column":19}},"3":{"start":{"line":12,"column":2},"end":{"line":27,"column":4}}},"fnMap":{"0":{"name":"(anonymous_0)","decl":{"start":{"line":6,"column":27},"end":{"line":6,"column":28}},"loc":{"start":{"line":6,"column":66},"end":{"line":28,"column":1}},"line":6},"1":{"name":"(anonymous_1)","decl":{"start":{"line":8,"column":22},"end":{"line":8,"column":23}},"loc":{"start":{"line":8,"column":28},"end":{"line":11,"column":3}},"line":8}},"branchMap":{"0":{"loc":{"start":{"line":24,"column":9},"end":{"line":24,"column":57}},"type":"binary-expr","locations":[{"start":{"line":24,"column":9},"end":{"line":24,"column":18}},{"start":{"line":24,"column":22},"end":{"line":24,"column":57}}],"line":24}},"s":{"0":1,"1":26,"2":1,"3":26},"f":{"0":26,"1":1},"b":{"0":[26,1]},"_coverageSchema":"1a1c01bbd47fc00a2c39e90264f33305004495a9","hash":"cf9c7e5397d763475d79ef8c343e709a31ceb423"}
,"C:\\Users\\Neeshu\\Documents\\Courses\\React\\src\\components\\RestaurantMenu.js": {"path":"C:\\Users\\Neeshu\\Documents\\Courses\\React\\src\\components\\RestaurantMenu.js","statementMap":{"0":{"start":{"line":7,"column":23},"end":{"line":51,"column":1}},"1":{"start":{"line":8,"column":20},"end":{"line":8,"column":31}},"2":{"start":{"line":10,"column":18},"end":{"line":10,"column":42}},"3":{"start":{"line":12,"column":36},"end":{"line":12,"column":50}},"4":{"start":{"line":14,"column":2},"end":{"line":14,"column":43}},"5":{"start":{"line":14,"column":24},"end":{"line":14,"column":43}},"6":{"start":{"line":17,"column":4},"end":{"line":17,"column":39}},"7":{"start":{"line":21,"column":4},"end":{"line":21,"column":79}},"8":{"start":{"line":24,"column":4},"end":{"line":28,"column":5}},"9":{"start":{"line":26,"column":8},"end":{"line":27,"column":70}},"10":{"start":{"line":32,"column":2},"end":{"line":50,"column":4}},"11":{"start":{"line":40,"column":8},"end":{"line":47,"column":10}},"12":{"start":{"line":45,"column":12},"end":{"line":45,"column":77}},"13":{"start":{"line":45,"column":41},"end":{"line":45,"column":75}}},"fnMap":{"0":{"name":"(anonymous_0)","decl":{"start":{"line":7,"column":23},"end":{"line":7,"column":24}},"loc":{"start":{"line":7,"column":29},"end":{"line":51,"column":1}},"line":7},"1":{"name":"(anonymous_1)","decl":{"start":{"line":25,"column":6},"end":{"line":25,"column":7}},"loc":{"start":{"line":26,"column":8},"end":{"line":27,"column":70}},"line":26},"2":{"name":"(anonymous_2)","decl":{"start":{"line":39,"column":22},"end":{"line":39,"column":23}},"loc":{"start":{"line":40,"column":8},"end":{"line":47,"column":10}},"line":40},"3":{"name":"(anonymous_3)","decl":{"start":{"line":44,"column":24},"end":{"line":44,"column":25}},"loc":{"start":{"line":45,"column":12},"end":{"line":45,"column":77}},"line":45},"4":{"name":"(anonymous_4)","decl":{"start":{"line":45,"column":25},"end":{"line":45,"column":26}},"loc":{"start":{"line":45,"column":41},"end":{"line":45,"column":75}},"line":45}},"branchMap":{"0":{"loc":{"start":{"line":14,"column":2},"end":{"line":14,"column":43}},"type":"if","locations":[{"start":{"line":14,"column":2},"end":{"line":14,"column":43}},{"start":{},"end":{}}],"line":14},"1":{"loc":{"start":{"line":43,"column":21},"end":{"line":43,"column":55}},"type":"cond-expr","locations":[{"start":{"line":43,"column":43},"end":{"line":43,"column":47}},{"start":{"line":43,"column":50},"end":{"line":43,"column":55}}],"line":43},"2":{"loc":{"start":{"line":45,"column":41},"end":{"line":45,"column":75}},"type":"cond-expr","locations":[{"start":{"line":45,"column":63},"end":{"line":45,"column":67}},{"start":{"line":45,"column":70},"end":{"line":45,"column":75}}],"line":45}},"s":{"0":1,"1":3,"2":3,"3":3,"4":3,"5":1,"6":2,"7":2,"8":2,"9":44,"10":2,"11":26,"12":1,"13":1},"f":{"0":3,"1":44,"2":26,"3":1,"4":1},"b":{"0":[1,2],"1":[1,25],"2":[0,1]},"_coverageSchema":"1a1c01bbd47fc00a2c39e90264f33305004495a9","hash":"d86b58e78a28168951f42046be2651e8df8f95a7"}
,"C:\\Users\\Neeshu\\Documents\\Courses\\React\\src\\components\\Shimmers.js": {"path":"C:\\Users\\Neeshu\\Documents\\Courses\\React\\src\\components\\Shimmers.js","statementMap":{"0":{"start":{"line":1,"column":16},"end":{"line":33,"column":1}},"1":{"start":{"line":2,"column":2},"end":{"line":32,"column":4}}},"fnMap":{"0":{"name":"(anonymous_0)","decl":{"start":{"line":1,"column":16},"end":{"line":1,"column":17}},"loc":{"start":{"line":1,"column":22},"end":{"line":33,"column":1}},"line":1}},"branchMap":{},"s":{"0":2,"1":2},"f":{"0":2},"b":{},"_coverageSchema":"1a1c01bbd47fc00a2c39e90264f33305004495a9","hash":"78eb3db230ce112de68a575837fbfe981e134eb7"}
,"C:\\Users\\Neeshu\\Documents\\Courses\\React\\src\\components\\sum.js": {"path":"C:\\Users\\Neeshu\\Documents\\Courses\\React\\src\\components\\sum.js","statementMap":{"0":{"start":{"line":1,"column":19},"end":{"line":3,"column":1}},"1":{"start":{"line":2,"column":2},"end":{"line":2,"column":15}}},"fnMap":{"0":{"name":"(anonymous_0)","decl":{"start":{"line":1,"column":19},"end":{"line":1,"column":20}},"loc":{"start":{"line":1,"column":29},"end":{"line":3,"column":1}},"line":1}},"branchMap":{},"s":{"0":1,"1":1},"f":{"0":1},"b":{},"_coverageSchema":"1a1c01bbd47fc00a2c39e90264f33305004495a9","hash":"7ae08aee636d042202658ab4f74c86a95965b4cc"}
,"C:\\Users\\Neeshu\\Documents\\Courses\\React\\src\\utilities\\UserContext.js": {"path":"C:\\Users\\Neeshu\\Documents\\Courses\\React\\src\\utilities\\UserContext.js","statementMap":{"0":{"start":{"line":3,"column":20},"end":{"line":5,"column":2}}},"fnMap":{},"branchMap":{},"s":{"0":4},"f":{},"b":{},"_coverageSchema":"1a1c01bbd47fc00a2c39e90264f33305004495a9","hash":"c303467e2f95f1d33f324eea4566df54615af193"}
,"C:\\Users\\Neeshu\\Documents\\Courses\\React\\src\\utilities\\appStore.js": {"path":"C:\\Users\\Neeshu\\Documents\\Courses\\React\\src\\utilities\\appStore.js","statementMap":{"0":{"start":{"line":4,"column":17},"end":{"line":8,"column":2}}},"fnMap":{},"branchMap":{},"s":{"0":2},"f":{},"b":{},"_coverageSchema":"1a1c01bbd47fc00a2c39e90264f33305004495a9","hash":"ae9bcdcc5a60e402377a525fe31d69ca2acc6093"}
,"C:\\Users\\Neeshu\\Documents\\Courses\\React\\src\\utilities\\cartSlice.js": {"path":"C:\\Users\\Neeshu\\Documents\\Courses\\React\\src\\utilities\\cartSlice.js","statementMap":{"0":{"start":{"line":3,"column":18},"end":{"line":20,"column":2}},"1":{"start":{"line":11,"column":6},"end":{"line":11,"column":39}},"2":{"start":{"line":14,"column":6},"end":{"line":14,"column":24}},"3":{"start":{"line":17,"column":6},"end":{"line":17,"column":29}},"4":{"start":{"line":22,"column":50},"end":{"line":22,"column":67}}},"fnMap":{"0":{"name":"(anonymous_0)","decl":{"start":{"line":10,"column":13},"end":{"line":10,"column":14}},"loc":{"start":{"line":10,"column":32},"end":{"line":12,"column":5}},"line":10},"1":{"name":"(anonymous_1)","decl":{"start":{"line":13,"column":16},"end":{"line":13,"column":17}},"loc":{"start":{"line":13,"column":27},"end":{"line":15,"column":5}},"line":13},"2":{"name":"(anonymous_2)","decl":{"start":{"line":16,"column":15},"end":{"line":16,"column":16}},"loc":{"start":{"line":16,"column":26},"end":{"line":18,"column":5}},"line":16}},"branchMap":{},"s":{"0":2,"1":1,"2":0,"3":0,"4":2},"f":{"0":1,"1":0,"2":0},"b":{},"_coverageSchema":"1a1c01bbd47fc00a2c39e90264f33305004495a9","hash":"f6dc6e76c56018378d7e55bbe5d54059f05a1727"}
,"C:\\Users\\Neeshu\\Documents\\Courses\\React\\src\\utilities\\constants.js": {"path":"C:\\Users\\Neeshu\\Documents\\Courses\\React\\src\\utilities\\constants.js","statementMap":{"0":{"start":{"line":3,"column":2},"end":{"line":3,"column":98}},"1":{"start":{"line":5,"column":24},"end":{"line":5,"column":77}},"2":{"start":{"line":8,"column":2},"end":{"line":8,"column":132}}},"fnMap":{},"branchMap":{},"s":{"0":2,"1":2,"2":2},"f":{},"b":{},"_coverageSchema":"1a1c01bbd47fc00a2c39e90264f33305004495a9","hash":"973412e7d839dbd3c28a5ee39a527b03e33d47f5"}
,"C:\\Users\\Neeshu\\Documents\\Courses\\React\\src\\utilities\\useOnlineStatus.js": {"path":"C:\\Users\\Neeshu\\Documents\\Courses\\React\\src\\utilities\\useOnlineStatus.js","statementMap":{"0":{"start":{"line":3,"column":24},"end":{"line":16,"column":1}},"1":{"start":{"line":4,"column":42},"end":{"line":4,"column":56}},"2":{"start":{"line":6,"column":2},"end":{"line":13,"column":9}},"3":{"start":{"line":7,"column":4},"end":{"line":9,"column":7}},"4":{"start":{"line":8,"column":6},"end":{"line":8,"column":29}},"5":{"start":{"line":10,"column":4},"end":{"line":12,"column":7}},"6":{"start":{"line":11,"column":6},"end":{"line":11,"column":28}},"7":{"start":{"line":15,"column":2},"end":{"line":15,"column":22}}},"fnMap":{"0":{"name":"(anonymous_0)","decl":{"start":{"line":3,"column":24},"end":{"line":3,"column":25}},"loc":{"start":{"line":3,"column":30},"end":{"line":16,"column":1}},"line":3},"1":{"name":"(anonymous_1)","decl":{"start":{"line":6,"column":12},"end":{"line":6,"column":13}},"loc":{"start":{"line":6,"column":18},"end":{"line":13,"column":3}},"line":6},"2":{"name":"(anonymous_2)","decl":{"start":{"line":7,"column":39},"end":{"line":7,"column":40}},"loc":{"start":{"line":7,"column":51},"end":{"line":9,"column":5}},"line":7},"3":{"name":"(anonymous_3)","decl":{"start":{"line":10,"column":38},"end":{"line":10,"column":39}},"loc":{"start":{"line":10,"column":49},"end":{"line":12,"column":5}},"line":10}},"branchMap":{},"s":{"0":3,"1":9,"2":9,"3":4,"4":0,"5":4,"6":0,"7":9},"f":{"0":9,"1":4,"2":0,"3":0},"b":{},"_coverageSchema":"1a1c01bbd47fc00a2c39e90264f33305004495a9","hash":"a34bfe3f7fa2c3d0879fb72b717b49e2a641981a"}
,"C:\\Users\\Neeshu\\Documents\\Courses\\React\\src\\utilities\\useRestaurantMenu.js": {"path":"C:\\Users\\Neeshu\\Documents\\Courses\\React\\src\\utilities\\useRestaurantMenu.js","statementMap":{"0":{"start":{"line":4,"column":26},"end":{"line":18,"column":1}},"1":{"start":{"line":5,"column":32},"end":{"line":5,"column":46}},"2":{"start":{"line":7,"column":2},"end":{"line":9,"column":9}},"3":{"start":{"line":8,"column":4},"end":{"line":8,"column":16}},"4":{"start":{"line":11,"column":20},"end":{"line":15,"column":3}},"5":{"start":{"line":12,"column":17},"end":{"line":12,"column":46}},"6":{"start":{"line":13,"column":17},"end":{"line":13,"column":34}},"7":{"start":{"line":14,"column":4},"end":{"line":14,"column":26}},"8":{"start":{"line":17,"column":2},"end":{"line":17,"column":17}}},"fnMap":{"0":{"name":"(anonymous_0)","decl":{"start":{"line":4,"column":26},"end":{"line":4,"column":27}},"loc":{"start":{"line":4,"column":37},"end":{"line":18,"column":1}},"line":4},"1":{"name":"(anonymous_1)","decl":{"start":{"line":7,"column":12},"end":{"line":7,"column":13}},"loc":{"start":{"line":7,"column":18},"end":{"line":9,"column":3}},"line":7},"2":{"name":"(anonymous_2)","decl":{"start":{"line":11,"column":20},"end":{"line":11,"column":21}},"loc":{"start":{"line":11,"column":32},"end":{"line":15,"column":3}},"line":11}},"branchMap":{},"s":{"0":1,"1":3,"2":3,"3":1,"4":3,"5":1,"6":1,"7":1,"8":3},"f":{"0":3,"1":1,"2":1},"b":{},"_coverageSchema":"1a1c01bbd47fc00a2c39e90264f33305004495a9","hash":"f01d9a165cb519970c7d09b83f42df6e5151089d"}
}
