TN:
SF:src\components\Body.js
FN:29,(anonymous_0)
FN:42,(anonymous_1)
FN:46,(anonymous_2)
FN:90,(anonymous_3)
FN:96,(anonymous_4)
FN:99,(anonymous_5)
FN:113,(anonymous_6)
FN:115,(anonymous_7)
FN:128,(anonymous_8)
FN:134,(anonymous_9)
FNF:10
FNH:7
FNDA:4,(anonymous_0)
FNDA:1,(anonymous_1)
FNDA:1,(anonymous_2)
FNDA:1,(anonymous_3)
FNDA:1,(anonymous_4)
FNDA:102,(anonymous_5)
FNDA:0,(anonymous_6)
FNDA:0,(anonymous_7)
FNDA:0,(anonymous_8)
FNDA:210,(anonymous_9)
DA:29,1
DA:33,4
DA:34,4
DA:36,4
DA:38,4
DA:42,4
DA:43,1
DA:46,4
DA:47,1
DA:51,1
DA:56,1
DA:59,1
DA:64,4
DA:66,4
DA:67,0
DA:77,4
DA:78,1
DA:81,3
DA:91,1
DA:99,1
DA:100,102
DA:104,1
DA:114,0
DA:115,0
DA:117,0
DA:118,0
DA:128,0
DA:135,210
LF:28
LH:22
BRDA:66,0,0,0
BRDA:66,0,1,4
BRDA:77,1,0,1
BRDA:77,1,1,3
BRF:4
BRH:3
end_of_record
TN:
SF:src\components\Contact.js
FN:1,(anonymous_0)
FNF:1
FNH:1
FNDA:2,(anonymous_0)
DA:1,1
DA:2,2
LF:2
LH:2
BRF:0
BRH:0
end_of_record
TN:
SF:src\components\Header.js
FN:10,(anonymous_0)
FN:18,(anonymous_1)
FN:47,(anonymous_2)
FNF:3
FNH:3
FNDA:5,(anonymous_0)
FNDA:9,(anonymous_1)
FNDA:1,(anonymous_2)
DA:10,2
DA:11,5
DA:13,5
DA:15,5
DA:18,9
DA:20,5
DA:48,1
LF:7
LH:7
BRDA:28,0,0,5
BRDA:28,0,1,0
BRDA:48,1,0,1
BRDA:48,1,1,0
BRF:4
BRH:2
end_of_record
TN:
SF:src\components\ItemList.js
FN:5,(anonymous_0)
FN:8,(anonymous_1)
FN:15,(anonymous_2)
FN:51,(anonymous_3)
FN:58,(anonymous_4)
FNF:5
FNH:4
FNDA:1,(anonymous_0)
FNDA:1,(anonymous_1)
FNDA:8,(anonymous_2)
FNDA:0,(anonymous_3)
FNDA:1,(anonymous_4)
DA:5,1
DA:6,1
DA:8,1
DA:10,1
DA:13,1
DA:16,8
DA:51,0
DA:58,1
LF:8
LH:7
BRDA:42,0,0,0
BRDA:42,0,1,8
BRF:2
BRH:1
end_of_record
TN:
SF:src\components\RestaurantCard.js
FN:7,(anonymous_0)
FNF:1
FNH:1
FNDA:211,(anonymous_0)
DA:7,2
DA:8,211
DA:12,211
DA:14,211
LF:4
LH:4
BRF:0
BRH:0
end_of_record
TN:
SF:src\components\RestaurantCategory.js
FN:6,(anonymous_0)
FN:8,(anonymous_1)
FNF:2
FNH:2
FNDA:26,(anonymous_0)
FNDA:1,(anonymous_1)
DA:6,1
DA:8,26
DA:10,1
DA:12,26
LF:4
LH:4
BRDA:24,0,0,26
BRDA:24,0,1,1
BRF:2
BRH:2
end_of_record
TN:
SF:src\components\RestaurantMenu.js
FN:7,(anonymous_0)
FN:25,(anonymous_1)
FN:39,(anonymous_2)
FN:44,(anonymous_3)
FN:45,(anonymous_4)
FNF:5
FNH:5
FNDA:3,(anonymous_0)
FNDA:44,(anonymous_1)
FNDA:26,(anonymous_2)
FNDA:1,(anonymous_3)
FNDA:1,(anonymous_4)
DA:7,1
DA:8,3
DA:10,3
DA:12,3
DA:14,3
DA:17,2
DA:21,2
DA:24,2
DA:26,44
DA:32,2
DA:40,26
DA:45,1
LF:12
LH:12
BRDA:14,0,0,1
BRDA:14,0,1,2
BRDA:43,1,0,1
BRDA:43,1,1,25
BRDA:45,2,0,0
BRDA:45,2,1,1
BRF:6
BRH:5
end_of_record
TN:
SF:src\components\Shimmers.js
FN:1,(anonymous_0)
FNF:1
FNH:1
FNDA:2,(anonymous_0)
DA:1,2
DA:2,2
LF:2
LH:2
BRF:0
BRH:0
end_of_record
TN:
SF:src\components\sum.js
FN:1,(anonymous_0)
FNF:1
FNH:1
FNDA:1,(anonymous_0)
DA:1,1
DA:2,1
LF:2
LH:2
BRF:0
BRH:0
end_of_record
TN:
SF:src\utilities\UserContext.js
FNF:0
FNH:0
DA:3,4
LF:1
LH:1
BRF:0
BRH:0
end_of_record
TN:
SF:src\utilities\appStore.js
FNF:0
FNH:0
DA:4,2
LF:1
LH:1
BRF:0
BRH:0
end_of_record
TN:
SF:src\utilities\cartSlice.js
FN:10,(anonymous_0)
FN:13,(anonymous_1)
FN:16,(anonymous_2)
FNF:3
FNH:1
FNDA:1,(anonymous_0)
FNDA:0,(anonymous_1)
FNDA:0,(anonymous_2)
DA:3,2
DA:11,1
DA:14,0
DA:17,0
DA:22,2
LF:5
LH:3
BRF:0
BRH:0
end_of_record
TN:
SF:src\utilities\constants.js
FNF:0
FNH:0
DA:3,2
DA:5,2
DA:8,2
LF:3
LH:3
BRF:0
BRH:0
end_of_record
TN:
SF:src\utilities\useOnlineStatus.js
FN:3,(anonymous_0)
FN:6,(anonymous_1)
FN:7,(anonymous_2)
FN:10,(anonymous_3)
FNF:4
FNH:2
FNDA:9,(anonymous_0)
FNDA:4,(anonymous_1)
FNDA:0,(anonymous_2)
FNDA:0,(anonymous_3)
DA:3,3
DA:4,9
DA:6,9
DA:7,4
DA:8,0
DA:10,4
DA:11,0
DA:15,9
LF:8
LH:6
BRF:0
BRH:0
end_of_record
TN:
SF:src\utilities\useRestaurantMenu.js
FN:4,(anonymous_0)
FN:7,(anonymous_1)
FN:11,(anonymous_2)
FNF:3
FNH:3
FNDA:3,(anonymous_0)
FNDA:1,(anonymous_1)
FNDA:1,(anonymous_2)
DA:4,1
DA:5,3
DA:7,3
DA:8,1
DA:11,3
DA:12,1
DA:13,1
DA:14,1
DA:17,3
LF:9
LH:9
BRF:0
BRH:0
end_of_record
